2026-03-20 17:29:53,651 - INFO - Loaded source folder: D:\Beacon Healthh Web\Beacon Health 2.1  (9 files)
2026-03-20 17:30:05,845 - INFO - Loaded source folder: D:\Beacon Healthh Web\Beacon Health 2.1  (9 files)
2026-03-20 17:31:40,463 - INFO - === Transfer session started ===
2026-03-20 17:31:40,463 - INFO - Source:      D:\Beacon Healthh Web\Beacon Health 2.1
2026-03-20 17:31:40,463 - INFO - Destination: D:\ftp folder
2026-03-20 17:31:40,464 - INFO - DELETED: Nachdi - G Khan.mp3
2026-03-20 17:31:40,468 - INFO - COPIED: og_logo.png  (36.7 KB)
2026-03-20 17:31:40,470 - INFO - === Transfer complete: 1 copied, 1 deleted, 0 error(s) ===
2026-03-20 18:01:27,948 - INFO - Loaded source folder: C:\Users\Admin\OneDrive\Documents  (10 files)
2026-03-20 18:01:38,023 - INFO - === Transfer session started ===
2026-03-20 18:01:38,023 - INFO - Source:      C:\Users\Admin\OneDrive\Documents
2026-03-20 18:01:38,023 - INFO - Destination: D:\ftp folder
2026-03-20 18:01:38,024 - INFO - DELETED: og_logo.png
2026-03-20 18:01:38,028 - INFO - COPIED: Entiquity Cover letter.docx  (15.5 KB)
2026-03-20 18:01:38,031 - INFO - COPIED: Linkedin posts.docx  (15.2 KB)
2026-03-20 18:01:38,034 - INFO - === Transfer complete: 2 copied, 1 deleted, 0 error(s) ===
2026-03-20 18:52:20,412 - INFO - Loaded source folder: D:\Sharable-davinder\Beacon Health 2.2  (9 files)
2026-03-20 18:52:43,624 - INFO - === Transfer session started ===
2026-03-20 18:52:43,625 - INFO - Source:      D:\Sharable-davinder\Beacon Health 2.2
2026-03-20 18:52:43,625 - INFO - Destination: D:\ftp folder
2026-03-20 18:52:43,625 - INFO - DELETED: Entiquity Cover letter.docx
2026-03-20 18:52:43,627 - INFO - DELETED: Linkedin posts.docx
2026-03-20 18:52:43,629 - INFO - COPIED: og_logo.png  (36.7 KB)
2026-03-20 18:52:43,639 - INFO - COPIED: sitemap.xml  (2.6 KB)
2026-03-20 18:52:43,639 - INFO - === Transfer complete: 2 copied, 2 deleted, 0 error(s) ===
2026-03-20 18:59:00,452 - INFO - Loaded source folder: D:\Sharable-davinder\Beacon Health 2.2  (9 files)
2026-03-20 18:59:11,262 - INFO - Loaded source folder: D:\Sharable-davinder\Beacon Health 2.2  (9 files)
2026-03-20 18:59:18,812 - INFO - === Transfer session started ===
2026-03-20 18:59:18,812 - INFO - Source:      D:\Sharable-davinder\Beacon Health 2.2
2026-03-20 18:59:18,812 - INFO - Destination: D:\ftp folder
2026-03-20 18:59:18,812 - INFO - DELETED: og_logo.png
2026-03-20 18:59:18,816 - INFO - DELETED: sitemap.xml
2026-03-20 18:59:18,818 - INFO - COPIED: favicon-32x32.png  (33.8 KB)
2026-03-20 18:59:18,828 - INFO - COPIED: favicon.ico  (4.2 KB)
2026-03-20 18:59:18,828 - INFO - === Transfer complete: 2 copied, 2 deleted, 0 error(s) ===
2026-03-20 18:59:39,691 - INFO - === FTP Session started ===
2026-03-20 18:59:39,691 - INFO - FTP Site:  beaconhealth.co.nz  (davinder@beaconhealth.co.nz)  [QuickConnect]
2026-03-20 18:59:39,691 - INFO - Host:      beaconhealth.co.nz:21
2026-03-20 18:59:39,691 - INFO - User:      davinder@beaconhealth.co.nz
2026-03-20 18:59:39,924 - INFO - Connected to beaconhealth.co.nz
2026-03-20 18:59:40,290 - INFO - Logged in. Remote directory: /
2026-03-20 18:59:40,670 - INFO - Remote files found: 0
2026-03-20 18:59:41,212 - INFO - FTP UPLOADED: favicon-32x32.png  (33.8 KB)
2026-03-20 18:59:41,665 - INFO - FTP UPLOADED: favicon.ico  (4.2 KB)
2026-03-20 18:59:41,665 - INFO - === FTP Session complete: 2 uploaded, 0 deleted, 0 error(s) ===
2026-03-20 19:00:18,488 - INFO - === Transfer session started ===
2026-03-20 19:00:18,488 - INFO - Source:      D:\Sharable-davinder\Beacon Health 2.2
2026-03-20 19:00:18,488 - INFO - Destination: D:\ftp folder
2026-03-20 19:00:18,488 - INFO - DELETED: favicon-32x32.png
2026-03-20 19:00:18,492 - INFO - DELETED: favicon.ico
2026-03-20 19:00:18,493 - INFO - COPIED: sitemap.xml  (2.6 KB)
2026-03-20 19:00:18,499 - INFO - === Transfer complete: 1 copied, 2 deleted, 0 error(s) ===
2026-03-20 19:00:25,647 - INFO - === FTP Session started ===
2026-03-20 19:00:25,647 - INFO - FTP Site:  beaconhealth.co.nz  (davinder@beaconhealth.co.nz)  [QuickConnect]
2026-03-20 19:00:25,647 - INFO - Host:      beaconhealth.co.nz:21
2026-03-20 19:00:25,647 - INFO - User:      davinder@beaconhealth.co.nz
2026-03-20 19:00:25,827 - INFO - Connected to beaconhealth.co.nz
2026-03-20 19:00:26,251 - INFO - Logged in. Remote directory: /
2026-03-20 19:00:26,612 - INFO - Remote files found: 2
2026-03-20 19:00:26,704 - INFO - FTP DELETED: favicon.ico
2026-03-20 19:00:26,792 - INFO - FTP DELETED: favicon-32x32.png
2026-03-20 19:00:27,296 - INFO - FTP UPLOADED: sitemap.xml  (2.6 KB)
2026-03-20 19:00:27,296 - INFO - === FTP Session complete: 1 uploaded, 2 deleted, 0 error(s) ===
2026-03-21 12:26:18,694 - INFO - Loaded source folder: D:\Sharable-davinder\Beacon Health 2.2  (9 files)
2026-03-21 12:26:28,198 - INFO - === Transfer session started ===
2026-03-21 12:26:28,198 - INFO - Source:      D:\Sharable-davinder\Beacon Health 2.2
2026-03-21 12:26:28,198 - INFO - Destination: D:\ftp folder
2026-03-21 12:26:28,199 - INFO - DELETED: sitemap.xml
2026-03-21 12:26:28,204 - INFO - COPIED: index.html  (117.2 KB)
2026-03-21 12:26:28,205 - INFO - === Transfer complete: 1 copied, 1 deleted, 0 error(s) ===
2026-03-21 12:29:01,347 - INFO - === FTP Session started ===
2026-03-21 12:29:01,347 - INFO - FTP Site:  beaconhealth.co.nz  (davinder@beaconhealth.co.nz)  [QuickConnect]
2026-03-21 12:29:01,347 - INFO - Host:      beaconhealth.co.nz:21
2026-03-21 12:29:01,347 - INFO - User:      davinder@beaconhealth.co.nz
2026-03-21 12:29:01,645 - INFO - Connected to beaconhealth.co.nz
2026-03-21 12:29:02,039 - INFO - Logged in. Remote directory: /
2026-03-21 12:29:02,447 - INFO - Remote files found: 2
2026-03-21 12:29:02,558 - INFO - FTP DELETED: sitemap.xml
2026-03-21 12:29:02,667 - INFO - FTP DELETED: .ftpquota
2026-03-21 12:29:03,620 - INFO - FTP UPLOADED: index.html  (117.2 KB)
2026-03-21 12:29:03,620 - INFO - === FTP Session complete: 1 uploaded, 2 deleted, 0 error(s) ===
2026-03-21 12:55:29,102 - INFO - Loaded source folder: D:\Sharable-davinder\Beacon Health 2.2  (9 files)
2026-03-21 12:55:43,700 - INFO - === Transfer session started ===
2026-03-21 12:55:43,700 - INFO - Source:      D:\Sharable-davinder\Beacon Health 2.2
2026-03-21 12:55:43,700 - INFO - Destination: D:\ftp folder
2026-03-21 12:55:43,700 - INFO - DELETED: index.html
2026-03-21 12:55:43,706 - INFO - COPIED: index.html  (118.5 KB)
2026-03-21 12:55:43,713 - INFO - === Transfer complete: 1 copied, 1 deleted, 0 error(s) ===
2026-03-21 12:55:56,475 - INFO - === FTP Session started ===
2026-03-21 12:55:56,475 - INFO - FTP Site:  beaconhealth.co.nz  (davinder@beaconhealth.co.nz)  [QuickConnect]
2026-03-21 12:55:56,475 - INFO - Host:      beaconhealth.co.nz:21
2026-03-21 12:55:56,475 - INFO - User:      davinder@beaconhealth.co.nz
2026-03-21 12:55:56,677 - INFO - Connected to beaconhealth.co.nz
2026-03-21 12:55:56,993 - INFO - Logged in. Remote directory: /
2026-03-21 12:55:57,385 - INFO - Remote files found: 1
2026-03-21 12:55:57,473 - INFO - FTP DELETED: index.html
2026-03-21 12:55:58,373 - INFO - FTP UPLOADED: index.html  (118.5 KB)
2026-03-21 12:55:58,373 - INFO - === FTP Session complete: 1 uploaded, 1 deleted, 0 error(s) ===
2026-03-22 10:59:53,686 - INFO - Loaded source folder: C:\Users\DELL\OneDrive\Desktop\excel projects  (7 files)
2026-03-22 11:00:20,978 - INFO - === Transfer session started ===
2026-03-22 11:00:20,979 - INFO - Source:      C:\Users\DELL\OneDrive\Desktop\excel projects
2026-03-22 11:00:20,979 - INFO - Destination: C:\Users\DELL\OneDrive\Desktop\excel
2026-03-22 11:00:20,984 - INFO - COPIED: calculator.xlsx  (38.0 KB)
2026-03-22 11:00:21,004 - INFO - COPIED: data.xlsx  (145.4 KB)
2026-03-22 11:00:21,007 - INFO - COPIED: date.xlsx  (13.9 KB)
2026-03-22 11:00:21,012 - INFO - COPIED: datesheet.xlsx  (16.9 KB)
2026-03-22 11:00:21,016 - INFO - COPIED: marksheet.xlsx  (24.0 KB)
2026-03-22 11:00:21,018 - INFO - COPIED: pmt.xlsx  (12.6 KB)
2026-03-22 11:00:21,021 - INFO - COPIED: tab.xlsx  (19.5 KB)
2026-03-22 11:00:21,021 - INFO - === Transfer complete: 7 copied, 0 deleted, 0 error(s) ===
2026-03-22 11:03:40,449 - INFO - Loaded source folder: C:\Users\DELL\Downloads  (513 files)
2026-03-22 11:03:42,431 - INFO - Loaded source folder: C:\Users\DELL\Downloads  (513 files)
